#
# There is insufficient memory for the Java Runtime Environment to continue.
# Native memory allocation (malloc) failed to allocate 1048576 bytes. Error detail: AllocateHeap
# Possible reasons:
#   The system is out of physical RAM or swap space
#   This process is running with CompressedOops enabled, and the Java Heap may be blocking the growth of the native heap
# Possible solutions:
#   Reduce memory load on the system
#   Increase physical memory or swap space
#   Check if swap backing store is full
#   Decrease Java heap size (-Xmx/-Xms)
#   Decrease number of Java threads
#   Decrease Java thread stack sizes (-Xss)
#   Set larger code cache with -XX:ReservedCodeCacheSize=
#   JVM is running with Unscaled Compressed Oops mode in which the Java heap is
#     placed in the first 4GB address space. The Java Heap base address is the
#     maximum limit for the native heap growth. Please use -XX:HeapBaseMinAddress
#     to set the Java Heap base and to place the Java Heap above 4GB virtual address.
# This output file may be truncated or incomplete.
#
#  Out of Memory Error (allocation.cpp:44), pid=2256, tid=3520
#
# JRE version: OpenJDK Runtime Environment Temurin-21.0.8+9 (21.0.8+9) (build 21.0.8+9-LTS)
# Java VM: OpenJDK 64-Bit Server VM Temurin-21.0.8+9 (21.0.8+9-LTS, mixed mode, sharing, tiered, compressed oops, compressed class ptrs, parallel gc, windows-amd64)
# No core dump will be written. Minidumps are not enabled by default on client versions of Windows
#

---------------  S U M M A R Y ------------

Command Line: --add-modules=ALL-SYSTEM --add-opens=java.base/java.util=ALL-UNNAMED --add-opens=java.base/java.lang=ALL-UNNAMED --add-opens=java.base/sun.nio.fs=ALL-UNNAMED -Declipse.application=org.eclipse.jdt.ls.core.id1 -Dosgi.bundles.defaultStartLevel=4 -Declipse.product=org.eclipse.jdt.ls.core.product -Djava.import.generatesMetadataFilesAtProjectRoot=false -DDetectVMInstallationsJob.disabled=true -Dfile.encoding=utf8 -XX:+UseParallelGC -XX:GCTimeRatio=4 -XX:AdaptiveSizePolicyWeight=90 -Dsun.zip.disableMemoryMapping=true -Xmx2G -Xms100m -Xlog:disable -javaagent:c:\Users\mahes\.vscode\extensions\redhat.java-1.44.0-win32-x64\lombok\lombok-1.18.39-4050.jar -XX:+HeapDumpOnOutOfMemoryError -XX:HeapDumpPath=c:\Users\mahes\AppData\Roaming\Code\User\workspaceStorage\3a22eb4a44eb732b41cad04d490277c3\redhat.java -Daether.dependencyCollector.impl=bf c:\Users\mahes\.vscode\extensions\redhat.java-1.44.0-win32-x64\server\plugins\org.eclipse.equinox.launcher_1.7.0.v20250519-0528.jar -configuration c:\Users\mahes\AppData\Roaming\Code\User\globalStorage\redhat.java\1.44.0\config_win -data c:\Users\mahes\AppData\Roaming\Code\User\workspaceStorage\3a22eb4a44eb732b41cad04d490277c3\redhat.java\jdt_ws --pipe=\\.\pipe\lsp-c95b9254b9757539edad5aa30cc6517a-sock

Host: AMD Ryzen 5 5625U with Radeon Graphics         , 12 cores, 3G,  Windows 11 , 64 bit Build 26100 (10.0.26100.4484)
Time: Thu Aug  7 12:40:40 2025 India Standard Time elapsed time: 982.121354 seconds (0d 0h 16m 22s)

---------------  T H R E A D  ---------------

Current thread (0x00000113fe8d62e0):  JavaThread "Attach Listener" daemon [_thread_in_vm, id=3520, stack(0x00000001a6b00000,0x00000001a6c00000) (1024K)]

Stack: [0x00000001a6b00000,0x00000001a6c00000]
Native frames: (J=compiled Java code, j=interpreted, Vv=VM code, C=native code)
V  [jvm.dll+0x6d2449]
V  [jvm.dll+0x8ae341]
V  [jvm.dll+0x8b08be]
V  [jvm.dll+0x8b0fa3]
V  [jvm.dll+0x280c96]
V  [jvm.dll+0xc0347]
V  [jvm.dll+0x6d2cf9]
V  [jvm.dll+0x131116]
V  [jvm.dll+0x3f2d16]
V  [jvm.dll+0x857e6b]
V  [jvm.dll+0x6d0b0d]
C  [ucrtbase.dll+0x37b0]
C  [KERNEL32.DLL+0x2e8d7]
C  [ntdll.dll+0x3c34c]


---------------  P R O C E S S  ---------------

Threads class SMR info:
_java_thread_list=0x00000113df8c5ad0, length=48, elements={
0x00000113f4f4be40, 0x00000113fc9ed590, 0x00000113fe8d2b40, 0x00000113fe8d52e0,
0x00000113fe8d62e0, 0x00000113fe8d6f30, 0x00000113fe8d9a90, 0x00000113fe8dc8d0,
0x00000113fe92b050, 0x00000113f4fb98f0, 0x00000113fec34690, 0x00000113ff024790,
0x00000113ff1d0160, 0x00000113fed4eda0, 0x00000113ff1c9b30, 0x00000113d42dbae0,
0x00000113d42dce90, 0x00000113d42de240, 0x00000113d42dc170, 0x00000113d42dc800,
0x00000113d556e9e0, 0x00000113d556bbf0, 0x00000113d556cfa0, 0x00000113d556d630,
0x00000113d556b560, 0x00000113d556dcc0, 0x00000113d556f070, 0x00000113d556e350,
0x00000113d556f700, 0x00000113d556fd90, 0x00000113d556c910, 0x00000113d5571e60,
0x00000113d5571140, 0x00000113d5570420, 0x00000113d55717d0, 0x00000113d5570ab0,
0x00000113d5652090, 0x00000113d6705360, 0x00000113d6709500, 0x00000113d670a8b0,
0x00000113d42dd520, 0x00000113d4e06950, 0x00000113d4e07d00, 0x00000113d4e08390,
0x00000113d4e04f10, 0x00000113d4e06fe0, 0x00000113d4e05c30, 0x00000113d4e08a20
}

Java Threads: ( => current thread )
  0x00000113f4f4be40 JavaThread "main"                              [_thread_blocked, id=14844, stack(0x00000001a6400000,0x00000001a6500000) (1024K)]
  0x00000113fc9ed590 JavaThread "Reference Handler"          daemon [_thread_blocked, id=13280, stack(0x00000001a6800000,0x00000001a6900000) (1024K)]
  0x00000113fe8d2b40 JavaThread "Finalizer"                  daemon [_thread_blocked, id=7112, stack(0x00000001a6900000,0x00000001a6a00000) (1024K)]
  0x00000113fe8d52e0 JavaThread "Signal Dispatcher"          daemon [_thread_blocked, id=13748, stack(0x00000001a6a00000,0x00000001a6b00000) (1024K)]
=>0x00000113fe8d62e0 JavaThread "Attach Listener"            daemon [_thread_in_vm, id=3520, stack(0x00000001a6b00000,0x00000001a6c00000) (1024K)]
  0x00000113fe8d6f30 JavaThread "Service Thread"             daemon [_thread_blocked, id=6712, stack(0x00000001a6c00000,0x00000001a6d00000) (1024K)]
  0x00000113fe8d9a90 JavaThread "Monitor Deflation Thread"   daemon [_thread_blocked, id=7120, stack(0x00000001a6d00000,0x00000001a6e00000) (1024K)]
  0x00000113fe8dc8d0 JavaThread "C2 CompilerThread0"         daemon [_thread_blocked, id=16692, stack(0x00000001a6e00000,0x00000001a6f00000) (1024K)]
  0x00000113fe92b050 JavaThread "C1 CompilerThread0"         daemon [_thread_blocked, id=16684, stack(0x00000001a6f00000,0x00000001a7000000) (1024K)]
  0x00000113f4fb98f0 JavaThread "Common-Cleaner"             daemon [_thread_blocked, id=17052, stack(0x00000001a7000000,0x00000001a7100000) (1024K)]
  0x00000113fec34690 JavaThread "Notification Thread"        daemon [_thread_blocked, id=17396, stack(0x00000001a7100000,0x00000001a7200000) (1024K)]
  0x00000113ff024790 JavaThread "Active Thread: Equinox Container: aee248b6-0f58-4238-8eab-405c870bc1b4"        [_thread_blocked, id=3600, stack(0x00000001a7800000,0x00000001a7900000) (1024K)]
  0x00000113ff1d0160 JavaThread "Refresh Thread: Equinox Container: aee248b6-0f58-4238-8eab-405c870bc1b4" daemon [_thread_blocked, id=17368, stack(0x00000001a7a00000,0x00000001a7b00000) (1024K)]
  0x00000113fed4eda0 JavaThread "Framework Event Dispatcher: Equinox Container: aee248b6-0f58-4238-8eab-405c870bc1b4" daemon [_thread_blocked, id=4328, stack(0x00000001a7b00000,0x00000001a7c00000) (1024K)]
  0x00000113ff1c9b30 JavaThread "Start Level: Equinox Container: aee248b6-0f58-4238-8eab-405c870bc1b4" daemon [_thread_blocked, id=17384, stack(0x00000001a7c00000,0x00000001a7d00000) (1024K)]
  0x00000113d42dbae0 JavaThread "Bundle File Closer"         daemon [_thread_blocked, id=4696, stack(0x00000001a7f00000,0x00000001a8000000) (1024K)]
  0x00000113d42dce90 JavaThread "SCR Component Actor"        daemon [_thread_blocked, id=13672, stack(0x00000001a8000000,0x00000001a8100000) (1024K)]
  0x00000113d42de240 JavaThread "Worker-JM"                         [_thread_blocked, id=11936, stack(0x00000001a8200000,0x00000001a8300000) (1024K)]
  0x00000113d42dc170 JavaThread "JNA Cleaner"                daemon [_thread_blocked, id=16620, stack(0x00000001a8300000,0x00000001a8400000) (1024K)]
  0x00000113d42dc800 JavaThread "Java indexing"              daemon [_thread_blocked, id=1324, stack(0x00000001a8600000,0x00000001a8700000) (1024K)]
  0x00000113d556e9e0 JavaThread "Thread-2"                   daemon [_thread_in_native, id=16436, stack(0x00000001a8b00000,0x00000001a8c00000) (1024K)]
  0x00000113d556bbf0 JavaThread "Thread-3"                   daemon [_thread_in_native, id=16072, stack(0x00000001a8c00000,0x00000001a8d00000) (1024K)]
  0x00000113d556cfa0 JavaThread "Thread-4"                   daemon [_thread_in_native, id=12500, stack(0x00000001a8d00000,0x00000001a8e00000) (1024K)]
  0x00000113d556d630 JavaThread "Thread-5"                   daemon [_thread_in_native, id=16404, stack(0x00000001a8e00000,0x00000001a8f00000) (1024K)]
  0x00000113d556b560 JavaThread "Thread-6"                   daemon [_thread_in_native, id=12272, stack(0x00000001a8f00000,0x00000001a9000000) (1024K)]
  0x00000113d556dcc0 JavaThread "Thread-7"                   daemon [_thread_in_native, id=8732, stack(0x00000001a9000000,0x00000001a9100000) (1024K)]
  0x00000113d556f070 JavaThread "Thread-8"                   daemon [_thread_in_native, id=9860, stack(0x00000001a9100000,0x00000001a9200000) (1024K)]
  0x00000113d556e350 JavaThread "Thread-9"                   daemon [_thread_in_native, id=3772, stack(0x00000001a9200000,0x00000001a9300000) (1024K)]
  0x00000113d556f700 JavaThread "Thread-10"                  daemon [_thread_in_native, id=9068, stack(0x00000001a9300000,0x00000001a9400000) (1024K)]
  0x00000113d556fd90 JavaThread "Thread-11"                  daemon [_thread_in_native, id=9140, stack(0x00000001a9400000,0x00000001a9500000) (1024K)]
  0x00000113d556c910 JavaThread "Thread-12"                  daemon [_thread_in_native, id=7996, stack(0x00000001a9500000,0x00000001a9600000) (1024K)]
  0x00000113d5571e60 JavaThread "Thread-13"                  daemon [_thread_in_native, id=12636, stack(0x00000001a9600000,0x00000001a9700000) (1024K)]
  0x00000113d5571140 JavaThread "Thread-14"                  daemon [_thread_in_native, id=12660, stack(0x00000001a9700000,0x00000001a9800000) (1024K)]
  0x00000113d5570420 JavaThread "pool-2-thread-1"                   [_thread_blocked, id=12760, stack(0x00000001a9800000,0x00000001a9900000) (1024K)]
  0x00000113d55717d0 JavaThread "WorkspaceEventsHandler"            [_thread_blocked, id=4740, stack(0x00000001a9900000,0x00000001a9a00000) (1024K)]
  0x00000113d5570ab0 JavaThread "pool-1-thread-1"                   [_thread_blocked, id=4868, stack(0x00000001a9a00000,0x00000001a9b00000) (1024K)]
  0x00000113d5652090 JavaThread "LocalFile Deleter"          daemon [_thread_blocked, id=18172, stack(0x00000001aa000000,0x00000001aa100000) (1024K)]
  0x00000113d6705360 JavaThread "ForkJoinPool.commonPool-worker-7" daemon [_thread_blocked, id=10616, stack(0x00000001ac000000,0x00000001ac100000) (1024K)]
  0x00000113d6709500 JavaThread "Worker-6"                          [_thread_blocked, id=18696, stack(0x00000001a6200000,0x00000001a6300000) (1024K)]
  0x00000113d670a8b0 JavaThread "Worker-7"                          [_thread_blocked, id=3872, stack(0x00000001a8100000,0x00000001a8200000) (1024K)]
  0x00000113d42dd520 JavaThread "ForkJoinPool.commonPool-worker-12" daemon [_thread_blocked, id=22052, stack(0x00000001a6100000,0x00000001a6200000) (1024K)]
  0x00000113d4e06950 JavaThread "ForkJoinPool.commonPool-worker-14" daemon [_thread_blocked, id=9700, stack(0x00000001a8400000,0x00000001a8500000) (1024K)]
  0x00000113d4e07d00 JavaThread "ForkJoinPool.commonPool-worker-16" daemon [_thread_blocked, id=3716, stack(0x00000001a8800000,0x00000001a8900000) (1024K)]
  0x00000113d4e08390 JavaThread "ForkJoinPool.commonPool-worker-17" daemon [_thread_blocked, id=22912, stack(0x00000001a8900000,0x00000001a8a00000) (1024K)]
  0x00000113d4e04f10 JavaThread "ForkJoinPool.commonPool-worker-18" daemon [_thread_blocked, id=21556, stack(0x00000001a8a00000,0x00000001a8b00000) (1024K)]
  0x00000113d4e06fe0 JavaThread "ForkJoinPool.commonPool-worker-19" daemon [_thread_blocked, id=22016, stack(0x00000001a9b00000,0x00000001a9c00000) (1024K)]
  0x00000113d4e05c30 JavaThread "ForkJoinPool.commonPool-worker-20" daemon [_thread_blocked, id=19584, stack(0x00000001a9c00000,0x00000001a9d00000) (1024K)]
  0x00000113d4e08a20 JavaThread "Cleaner-0"                  daemon [_thread_blocked, id=18484, stack(0x00000001a9d00000,0x00000001a9e00000) (1024K)]
Total: 48

Other Threads:
  0x00000113fc9d4930 VMThread "VM Thread"                           [id=4712, stack(0x00000001a6700000,0x00000001a6800000) (1024K)]
  0x00000113fc8cca00 WatcherThread "VM Periodic Task Thread"        [id=16572, stack(0x00000001a6600000,0x00000001a6700000) (1024K)]
  0x00000113f4f6a9b0 WorkerThread "GC Thread#0"                     [id=16596, stack(0x00000001a6500000,0x00000001a6600000) (1024K)]
  0x00000113fef40cf0 WorkerThread "GC Thread#1"                     [id=16580, stack(0x00000001a7200000,0x00000001a7300000) (1024K)]
  0x00000113fef41090 WorkerThread "GC Thread#2"                     [id=17108, stack(0x00000001a7300000,0x00000001a7400000) (1024K)]
  0x00000113fee6c030 WorkerThread "GC Thread#3"                     [id=16612, stack(0x00000001a7400000,0x00000001a7500000) (1024K)]
  0x00000113fee6c3d0 WorkerThread "GC Thread#4"                     [id=16584, stack(0x00000001a7500000,0x00000001a7600000) (1024K)]
  0x00000113fee3cdc0 WorkerThread "GC Thread#5"                     [id=16600, stack(0x00000001a7600000,0x00000001a7700000) (1024K)]
  0x00000113fee3d160 WorkerThread "GC Thread#6"                     [id=3604, stack(0x00000001a7700000,0x00000001a7800000) (1024K)]
  0x00000113fe90c800 WorkerThread "GC Thread#7"                     [id=16560, stack(0x00000001a7900000,0x00000001a7a00000) (1024K)]
  0x00000113ff220100 WorkerThread "GC Thread#8"                     [id=11120, stack(0x00000001a7d00000,0x00000001a7e00000) (1024K)]
  0x00000113d407cb60 WorkerThread "GC Thread#9"                     [id=7512, stack(0x00000001a7e00000,0x00000001a7f00000) (1024K)]
Total: 12

Threads with active compile tasks:
Total: 0

VM state: not at safepoint (normal execution)

VM Mutex/Monitor currently owned by a thread: None

Heap address: 0x0000000080000000, size: 2048 MB, Compressed Oops mode: 32-bit

CDS archive(s) mapped at: [0x000001138f000000-0x000001138fba0000-0x000001138fba0000), size 12189696, SharedBaseAddress: 0x000001138f000000, ArchiveRelocationMode: 1.
Compressed class space mapped at: 0x0000011390000000-0x00000113d0000000, reserved size: 1073741824
Narrow klass base: 0x000001138f000000, Narrow klass shift: 0, Narrow klass range: 0x100000000

GC Precious Log:
 CardTable entry size: 512
 CPUs: 12 total, 12 available
 Memory: 3424M
 Large Page Support: Disabled
 NUMA Support: Disabled
 Compressed Oops: Enabled (32-bit)
 Alignments: Space 512K, Generation 512K, Heap 2M
 Heap Min Capacity: 100M
 Heap Initial Capacity: 100M
 Heap Max Capacity: 2G
 Pre-touch: Disabled
 Parallel Workers: 10

Heap:
 PSYoungGen      total 8704K, used 4729K [0x00000000d5580000, 0x00000000d6500000, 0x0000000100000000)
  eden space 6656K, 40% used [0x00000000d5580000,0x00000000d58227e8,0x00000000d5c00000)
  from space 2048K, 99% used [0x00000000d6000000,0x00000000d61fbdb0,0x00000000d6200000)
  to   space 4096K, 0% used [0x00000000d5c00000,0x00000000d5c00000,0x00000000d6000000)
 ParOldGen       total 1146880K, used 1146568K [0x0000000080000000, 0x00000000c6000000, 0x00000000d5580000)
  object space 1146880K, 99% used [0x0000000080000000,0x00000000c5fb23a0,0x00000000c6000000)
 Metaspace       used 74398K, committed 76160K, reserved 1179648K
  class space    used 7729K, committed 8448K, reserved 1048576K

Card table byte_map: [0x00000113f4900000,0x00000113f4d10000] _byte_map_base: 0x00000113f4500000

Marking Bits: (ParMarkBitMap*) 0x00007fffc8a6a340
 Begin Bits: [0x00000113f83f0000, 0x00000113fa3f0000)
 End Bits:   [0x00000113fa3f0000, 0x00000113fc3f0000)

Polling page: 0x00000113f2e20000

Metaspace:

Usage:
  Non-class:     65.11 MB used.
      Class:      7.55 MB used.
       Both:     72.65 MB used.

Virtual space:
  Non-class space:      128.00 MB reserved,      66.12 MB ( 52%) committed,  2 nodes.
      Class space:        1.00 GB reserved,       8.25 MB ( <1%) committed,  1 nodes.
             Both:        1.12 GB reserved,      74.38 MB (  6%) committed. 

Chunk freelists:
   Non-Class:  13.84 MB
       Class:  7.61 MB
        Both:  21.44 MB

MaxMetaspaceSize: unlimited
CompressedClassSpaceSize: 1.00 GB
Initial GC threshold: 21.00 MB
Current GC threshold: 97.31 MB
CDS: on
 - commit_granule_bytes: 65536.
 - commit_granule_words: 8192.
 - virtual_space_node_default_size: 8388608.
 - enlarge_chunks_in_place: 1.
 - use_allocation_guard: 0.


Internal statistics:

num_allocs_failed_limit: 9.
num_arena_births: 1388.
num_arena_deaths: 22.
num_vsnodes_births: 3.
num_vsnodes_deaths: 0.
num_space_committed: 1190.
num_space_uncommitted: 0.
num_chunks_returned_to_freelist: 35.
num_chunks_taken_from_freelist: 4957.
num_chunk_merges: 10.
num_chunk_splits: 3056.
num_chunks_enlarged: 1765.
num_inconsistent_stats: 0.

CodeHeap 'non-profiled nmethods': size=120000Kb used=12571Kb max_used=12571Kb free=107428Kb
 bounds [0x0000011387ad0000, 0x0000011388720000, 0x000001138f000000]
CodeHeap 'profiled nmethods': size=120000Kb used=36484Kb max_used=36484Kb free=83515Kb
 bounds [0x0000011380000000, 0x00000113823b0000, 0x0000011387530000]
CodeHeap 'non-nmethods': size=5760Kb used=1475Kb max_used=1524Kb free=4284Kb
 bounds [0x0000011387530000, 0x00000113877a0000, 0x0000011387ad0000]
CodeCache: size=245760Kb, used=50530Kb, max_used=50579Kb, free=195227Kb
 total_blobs=16400, nmethods=15606, adapters=698, full_count=0
Compilation: enabled, stopped_count=0, restarted_count=0

Compilation events (20 events):
Event: 733.938 Thread 0x00000113fe92b050 16307       3       org.eclipse.jdt.core.compiler.CharOperation::concat (71 bytes)
Event: 733.938 Thread 0x00000113fe92b050 nmethod 16307 0x000001138239db10 code [0x000001138239dd00, 0x000001138239e180]
Event: 733.939 Thread 0x00000113fe8dc8d0 16308       4       org.eclipse.core.runtime.SubMonitor::<init> (57 bytes)
Event: 733.940 Thread 0x00000113d69bb650 16309       4       java.lang.Math::min (45 bytes)
Event: 733.941 Thread 0x00000113fe8dc8d0 nmethod 16308 0x0000011388715d90 code [0x0000011388715f20, 0x0000011388715ff0]
Event: 733.941 Thread 0x00000113d69bb650 nmethod 16309 0x0000011388716090 code [0x0000011388716240, 0x0000011388716338]
Event: 784.875 Thread 0x00000113fe92b050 16310       3       java.nio.HeapByteBuffer::put (12 bytes)
Event: 785.000 Thread 0x00000113fe92b050 nmethod 16310 0x000001138239e310 code [0x000001138239e500, 0x000001138239e9c0]
Event: 887.005 Thread 0x00000113fe92b050 16311       3       java.util.concurrent.ScheduledThreadPoolExecutor$DelayedWorkQueue::setIndex (16 bytes)
Event: 887.617 Thread 0x00000113fe92b050 nmethod 16311 0x000001138239eb90 code [0x000001138239ed40, 0x000001138239f048]
Event: 906.486 Thread 0x00000113fe92b050 16312       3       java.util.concurrent.locks.AbstractQueuedSynchronizer$ConditionObject::await (207 bytes)
Event: 906.550 Thread 0x00000113fe92b050 nmethod 16312 0x000001138239f110 code [0x000001138239f400, 0x00000113823a0280]
Event: 941.735 Thread 0x00000113fe92b050 16313       3       java.lang.ref.ReferenceQueue::await (15 bytes)
Event: 941.756 Thread 0x00000113fe92b050 nmethod 16313 0x00000113823a0890 code [0x00000113823a0a40, 0x00000113823a0be0]
Event: 946.886 Thread 0x00000113fe92b050 16314       1       java.util.concurrent.ThreadPoolExecutor::getQueue (5 bytes)
Event: 946.893 Thread 0x00000113fe92b050 nmethod 16314 0x0000011388716410 code [0x00000113887165a0, 0x0000011388716668]
Event: 971.055 Thread 0x00000113fe92b050 16315       3       org.eclipse.lsp4j.jsonrpc.json.adapters.MessageTypeAdapter::getParameterTypes (26 bytes)
Event: 971.107 Thread 0x00000113fe92b050 nmethod 16315 0x00000113823a0d10 code [0x00000113823a0ee0, 0x00000113823a1100]
Event: 971.452 Thread 0x00000113fe8dc8d0 16316       4       java.lang.invoke.MethodHandles$Lookup::checkField (58 bytes)
Event: 971.610 Thread 0x00000113fe8dc8d0 nmethod 16316 0x0000011388716710 code [0x00000113887168e0, 0x0000011388716c10]

GC Heap History (20 events):
Event: 722.726 GC heap before
{Heap before GC invocations=2470 (full 3):
 PSYoungGen      total 8192K, used 8148K [0x00000000d5580000, 0x00000000d6200000, 0x0000000100000000)
  eden space 7680K, 100% used [0x00000000d5580000,0x00000000d5d00000,0x00000000d5d00000)
  from space 512K, 91% used [0x00000000d6180000,0x00000000d61f5220,0x00000000d6200000)
  to   space 512K, 0% used [0x00000000d6100000,0x00000000d6100000,0x00000000d6180000)
 ParOldGen       total 1140224K, used 1139899K [0x0000000080000000, 0x00000000c5980000, 0x00000000d5580000)
  object space 1140224K, 99% used [0x0000000080000000,0x00000000c592efd0,0x00000000c5980000)
 Metaspace       used 74023K, committed 75712K, reserved 1179648K
  class space    used 7709K, committed 8384K, reserved 1048576K
}
Event: 722.730 GC heap after
{Heap after GC invocations=2470 (full 3):
 PSYoungGen      total 8192K, used 500K [0x00000000d5580000, 0x00000000d6200000, 0x0000000100000000)
  eden space 7680K, 0% used [0x00000000d5580000,0x00000000d5580000,0x00000000d5d00000)
  from space 512K, 97% used [0x00000000d6100000,0x00000000d617d200,0x00000000d6180000)
  to   space 512K, 0% used [0x00000000d6180000,0x00000000d6180000,0x00000000d6200000)
 ParOldGen       total 1140224K, used 1140075K [0x0000000080000000, 0x00000000c5980000, 0x00000000d5580000)
  object space 1140224K, 99% used [0x0000000080000000,0x00000000c595aff0,0x00000000c5980000)
 Metaspace       used 74023K, committed 75712K, reserved 1179648K
  class space    used 7709K, committed 8384K, reserved 1048576K
}
Event: 724.587 GC heap before
{Heap before GC invocations=2471 (full 3):
 PSYoungGen      total 8192K, used 8180K [0x00000000d5580000, 0x00000000d6200000, 0x0000000100000000)
  eden space 7680K, 100% used [0x00000000d5580000,0x00000000d5d00000,0x00000000d5d00000)
  from space 512K, 97% used [0x00000000d6100000,0x00000000d617d200,0x00000000d6180000)
  to   space 512K, 0% used [0x00000000d6180000,0x00000000d6180000,0x00000000d6200000)
 ParOldGen       total 1140224K, used 1140075K [0x0000000080000000, 0x00000000c5980000, 0x00000000d5580000)
  object space 1140224K, 99% used [0x0000000080000000,0x00000000c595aff0,0x00000000c5980000)
 Metaspace       used 74109K, committed 75776K, reserved 1179648K
  class space    used 7713K, committed 8384K, reserved 1048576K
}
Event: 724.605 GC heap after
{Heap after GC invocations=2471 (full 3):
 PSYoungGen      total 8192K, used 500K [0x00000000d5580000, 0x00000000d6200000, 0x0000000100000000)
  eden space 7680K, 0% used [0x00000000d5580000,0x00000000d5580000,0x00000000d5d00000)
  from space 512K, 97% used [0x00000000d6180000,0x00000000d61fd200,0x00000000d6200000)
  to   space 1024K, 0% used [0x00000000d6000000,0x00000000d6000000,0x00000000d6100000)
 ParOldGen       total 1140224K, used 1140131K [0x0000000080000000, 0x00000000c5980000, 0x00000000d5580000)
  object space 1140224K, 99% used [0x0000000080000000,0x00000000c5968ff0,0x00000000c5980000)
 Metaspace       used 74109K, committed 75776K, reserved 1179648K
  class space    used 7713K, committed 8384K, reserved 1048576K
}
Event: 724.778 GC heap before
{Heap before GC invocations=2472 (full 3):
 PSYoungGen      total 8192K, used 8180K [0x00000000d5580000, 0x00000000d6200000, 0x0000000100000000)
  eden space 7680K, 100% used [0x00000000d5580000,0x00000000d5d00000,0x00000000d5d00000)
  from space 512K, 97% used [0x00000000d6180000,0x00000000d61fd200,0x00000000d6200000)
  to   space 1024K, 0% used [0x00000000d6000000,0x00000000d6000000,0x00000000d6100000)
 ParOldGen       total 1140224K, used 1140131K [0x0000000080000000, 0x00000000c5980000, 0x00000000d5580000)
  object space 1140224K, 99% used [0x0000000080000000,0x00000000c5968ff0,0x00000000c5980000)
 Metaspace       used 74141K, committed 75776K, reserved 1179648K
  class space    used 7716K, committed 8384K, reserved 1048576K
}
Event: 724.783 GC heap after
{Heap after GC invocations=2472 (full 3):
 PSYoungGen      total 8704K, used 911K [0x00000000d5580000, 0x00000000d6200000, 0x0000000100000000)
  eden space 7680K, 0% used [0x00000000d5580000,0x00000000d5580000,0x00000000d5d00000)
  from space 1024K, 89% used [0x00000000d6000000,0x00000000d60e3db0,0x00000000d6100000)
  to   space 1024K, 0% used [0x00000000d6100000,0x00000000d6100000,0x00000000d6200000)
 ParOldGen       total 1140736K, used 1140520K [0x0000000080000000, 0x00000000c5a00000, 0x00000000d5580000)
  object space 1140736K, 99% used [0x0000000080000000,0x00000000c59ca1f0,0x00000000c5a00000)
 Metaspace       used 74141K, committed 75776K, reserved 1179648K
  class space    used 7716K, committed 8384K, reserved 1048576K
}
Event: 725.986 GC heap before
{Heap before GC invocations=2473 (full 3):
 PSYoungGen      total 8704K, used 8591K [0x00000000d5580000, 0x00000000d6200000, 0x0000000100000000)
  eden space 7680K, 100% used [0x00000000d5580000,0x00000000d5d00000,0x00000000d5d00000)
  from space 1024K, 89% used [0x00000000d6000000,0x00000000d60e3db0,0x00000000d6100000)
  to   space 1024K, 0% used [0x00000000d6100000,0x00000000d6100000,0x00000000d6200000)
 ParOldGen       total 1140736K, used 1140520K [0x0000000080000000, 0x00000000c5a00000, 0x00000000d5580000)
  object space 1140736K, 99% used [0x0000000080000000,0x00000000c59ca1f0,0x00000000c5a00000)
 Metaspace       used 74167K, committed 75776K, reserved 1179648K
  class space    used 7718K, committed 8384K, reserved 1048576K
}
Event: 725.992 GC heap after
{Heap after GC invocations=2473 (full 3):
 PSYoungGen      total 8704K, used 682K [0x00000000d5580000, 0x00000000d6200000, 0x0000000100000000)
  eden space 7680K, 0% used [0x00000000d5580000,0x00000000d5580000,0x00000000d5d00000)
  from space 1024K, 66% used [0x00000000d6100000,0x00000000d61aa910,0x00000000d6200000)
  to   space 1024K, 0% used [0x00000000d6000000,0x00000000d6000000,0x00000000d6100000)
 ParOldGen       total 1141248K, used 1140760K [0x0000000080000000, 0x00000000c5a80000, 0x00000000d5580000)
  object space 1141248K, 99% used [0x0000000080000000,0x00000000c5a061f0,0x00000000c5a80000)
 Metaspace       used 74167K, committed 75776K, reserved 1179648K
  class space    used 7718K, committed 8384K, reserved 1048576K
}
Event: 726.446 GC heap before
{Heap before GC invocations=2474 (full 3):
 PSYoungGen      total 8704K, used 8362K [0x00000000d5580000, 0x00000000d6200000, 0x0000000100000000)
  eden space 7680K, 100% used [0x00000000d5580000,0x00000000d5d00000,0x00000000d5d00000)
  from space 1024K, 66% used [0x00000000d6100000,0x00000000d61aa910,0x00000000d6200000)
  to   space 1024K, 0% used [0x00000000d6000000,0x00000000d6000000,0x00000000d6100000)
 ParOldGen       total 1141248K, used 1140760K [0x0000000080000000, 0x00000000c5a80000, 0x00000000d5580000)
  object space 1141248K, 99% used [0x0000000080000000,0x00000000c5a061f0,0x00000000c5a80000)
 Metaspace       used 74321K, committed 76096K, reserved 1179648K
  class space    used 7728K, committed 8448K, reserved 1048576K
}
Event: 726.453 GC heap after
{Heap after GC invocations=2474 (full 3):
 PSYoungGen      total 8704K, used 692K [0x00000000d5580000, 0x00000000d6180000, 0x0000000100000000)
  eden space 7680K, 0% used [0x00000000d5580000,0x00000000d5580000,0x00000000d5d00000)
  from space 1024K, 67% used [0x00000000d6000000,0x00000000d60ad200,0x00000000d6100000)
  to   space 512K, 0% used [0x00000000d6100000,0x00000000d6100000,0x00000000d6180000)
 ParOldGen       total 1141248K, used 1140792K [0x0000000080000000, 0x00000000c5a80000, 0x00000000d5580000)
  object space 1141248K, 99% used [0x0000000080000000,0x00000000c5a0e1f0,0x00000000c5a80000)
 Metaspace       used 74321K, committed 76096K, reserved 1179648K
  class space    used 7728K, committed 8448K, reserved 1048576K
}
Event: 726.580 GC heap before
{Heap before GC invocations=2475 (full 3):
 PSYoungGen      total 8704K, used 8372K [0x00000000d5580000, 0x00000000d6180000, 0x0000000100000000)
  eden space 7680K, 99% used [0x00000000d5580000,0x00000000d5cfffc8,0x00000000d5d00000)
  from space 1024K, 67% used [0x00000000d6000000,0x00000000d60ad200,0x00000000d6100000)
  to   space 512K, 0% used [0x00000000d6100000,0x00000000d6100000,0x00000000d6180000)
 ParOldGen       total 1141248K, used 1140792K [0x0000000080000000, 0x00000000c5a80000, 0x00000000d5580000)
  object space 1141248K, 99% used [0x0000000080000000,0x00000000c5a0e1f0,0x00000000c5a80000)
 Metaspace       used 74347K, committed 76096K, reserved 1179648K
  class space    used 7728K, committed 8448K, reserved 1048576K
}
Event: 726.586 GC heap after
{Heap after GC invocations=2475 (full 3):
 PSYoungGen      total 8192K, used 487K [0x00000000d5580000, 0x00000000d6400000, 0x0000000100000000)
  eden space 7680K, 0% used [0x00000000d5580000,0x00000000d5580000,0x00000000d5d00000)
  from space 512K, 95% used [0x00000000d6100000,0x00000000d6179ed8,0x00000000d6180000)
  to   space 3584K, 0% used [0x00000000d5d00000,0x00000000d5d00000,0x00000000d6080000)
 ParOldGen       total 1143808K, used 1143396K [0x0000000080000000, 0x00000000c5d00000, 0x00000000d5580000)
  object space 1143808K, 99% used [0x0000000080000000,0x00000000c5c992c8,0x00000000c5d00000)
 Metaspace       used 74347K, committed 76096K, reserved 1179648K
  class space    used 7728K, committed 8448K, reserved 1048576K
}
Event: 726.627 GC heap before
{Heap before GC invocations=2476 (full 3):
 PSYoungGen      total 8192K, used 8167K [0x00000000d5580000, 0x00000000d6400000, 0x0000000100000000)
  eden space 7680K, 100% used [0x00000000d5580000,0x00000000d5d00000,0x00000000d5d00000)
  from space 512K, 95% used [0x00000000d6100000,0x00000000d6179ed8,0x00000000d6180000)
  to   space 3584K, 0% used [0x00000000d5d00000,0x00000000d5d00000,0x00000000d6080000)
 ParOldGen       total 1143808K, used 1143396K [0x0000000080000000, 0x00000000c5d00000, 0x00000000d5580000)
  object space 1143808K, 99% used [0x0000000080000000,0x00000000c5c992c8,0x00000000c5d00000)
 Metaspace       used 74351K, committed 76096K, reserved 1179648K
  class space    used 7728K, committed 8448K, reserved 1048576K
}
Event: 726.635 GC heap after
{Heap after GC invocations=2476 (full 3):
 PSYoungGen      total 11264K, used 3561K [0x00000000d5580000, 0x00000000d6600000, 0x0000000100000000)
  eden space 7680K, 0% used [0x00000000d5580000,0x00000000d5580000,0x00000000d5d00000)
  from space 3584K, 99% used [0x00000000d5d00000,0x00000000d607a6b0,0x00000000d6080000)
  to   space 4608K, 0% used [0x00000000d6180000,0x00000000d6180000,0x00000000d6600000)
 ParOldGen       total 1144320K, used 1143972K [0x0000000080000000, 0x00000000c5d80000, 0x00000000d5580000)
  object space 1144320K, 99% used [0x0000000080000000,0x00000000c5d291a0,0x00000000c5d80000)
 Metaspace       used 74351K, committed 76096K, reserved 1179648K
  class space    used 7728K, committed 8448K, reserved 1048576K
}
Event: 730.068 GC heap before
{Heap before GC invocations=2477 (full 3):
 PSYoungGen      total 11264K, used 11241K [0x00000000d5580000, 0x00000000d6600000, 0x0000000100000000)
  eden space 7680K, 100% used [0x00000000d5580000,0x00000000d5d00000,0x00000000d5d00000)
  from space 3584K, 99% used [0x00000000d5d00000,0x00000000d607a6b0,0x00000000d6080000)
  to   space 4608K, 0% used [0x00000000d6180000,0x00000000d6180000,0x00000000d6600000)
 ParOldGen       total 1144320K, used 1143972K [0x0000000080000000, 0x00000000c5d80000, 0x00000000d5580000)
  object space 1144320K, 99% used [0x0000000080000000,0x00000000c5d291a0,0x00000000c5d80000)
 Metaspace       used 74352K, committed 76096K, reserved 1179648K
  class space    used 7728K, committed 8448K, reserved 1048576K
}
Event: 730.077 GC heap after
{Heap after GC invocations=2477 (full 3):
 PSYoungGen      total 8192K, used 324K [0x00000000d5580000, 0x00000000d6200000, 0x0000000100000000)
  eden space 7680K, 0% used [0x00000000d5580000,0x00000000d5580000,0x00000000d5d00000)
  from space 512K, 63% used [0x00000000d6180000,0x00000000d61d1210,0x00000000d6200000)
  to   space 2048K, 0% used [0x00000000d5e00000,0x00000000d5e00000,0x00000000d6000000)
 ParOldGen       total 1145344K, used 1145188K [0x0000000080000000, 0x00000000c5e80000, 0x00000000d5580000)
  object space 1145344K, 99% used [0x0000000080000000,0x00000000c5e591a0,0x00000000c5e80000)
 Metaspace       used 74352K, committed 76096K, reserved 1179648K
  class space    used 7728K, committed 8448K, reserved 1048576K
}
Event: 733.862 GC heap before
{Heap before GC invocations=2478 (full 3):
 PSYoungGen      total 8192K, used 8004K [0x00000000d5580000, 0x00000000d6200000, 0x0000000100000000)
  eden space 7680K, 100% used [0x00000000d5580000,0x00000000d5d00000,0x00000000d5d00000)
  from space 512K, 63% used [0x00000000d6180000,0x00000000d61d1210,0x00000000d6200000)
  to   space 2048K, 0% used [0x00000000d5e00000,0x00000000d5e00000,0x00000000d6000000)
 ParOldGen       total 1145344K, used 1145188K [0x0000000080000000, 0x00000000c5e80000, 0x00000000d5580000)
  object space 1145344K, 99% used [0x0000000080000000,0x00000000c5e591a0,0x00000000c5e80000)
 Metaspace       used 74392K, committed 76160K, reserved 1179648K
  class space    used 7729K, committed 8448K, reserved 1048576K
}
Event: 733.867 GC heap after
{Heap after GC invocations=2478 (full 3):
 PSYoungGen      total 9728K, used 1443K [0x00000000d5580000, 0x00000000d6200000, 0x0000000100000000)
  eden space 7680K, 0% used [0x00000000d5580000,0x00000000d5580000,0x00000000d5d00000)
  from space 2048K, 70% used [0x00000000d5e00000,0x00000000d5f68fb0,0x00000000d6000000)
  to   space 2048K, 0% used [0x00000000d6000000,0x00000000d6000000,0x00000000d6200000)
 ParOldGen       total 1145344K, used 1145220K [0x0000000080000000, 0x00000000c5e80000, 0x00000000d5580000)
  object space 1145344K, 99% used [0x0000000080000000,0x00000000c5e611a0,0x00000000c5e80000)
 Metaspace       used 74392K, committed 76160K, reserved 1179648K
  class space    used 7729K, committed 8448K, reserved 1048576K
}
Event: 733.897 GC heap before
{Heap before GC invocations=2479 (full 3):
 PSYoungGen      total 9728K, used 9123K [0x00000000d5580000, 0x00000000d6200000, 0x0000000100000000)
  eden space 7680K, 99% used [0x00000000d5580000,0x00000000d5cffff0,0x00000000d5d00000)
  from space 2048K, 70% used [0x00000000d5e00000,0x00000000d5f68fb0,0x00000000d6000000)
  to   space 2048K, 0% used [0x00000000d6000000,0x00000000d6000000,0x00000000d6200000)
 ParOldGen       total 1145344K, used 1145220K [0x0000000080000000, 0x00000000c5e80000, 0x00000000d5580000)
  object space 1145344K, 99% used [0x0000000080000000,0x00000000c5e611a0,0x00000000c5e80000)
 Metaspace       used 74392K, committed 76160K, reserved 1179648K
  class space    used 7729K, committed 8448K, reserved 1048576K
}
Event: 733.905 GC heap after
{Heap after GC invocations=2479 (full 3):
 PSYoungGen      total 8704K, used 2031K [0x00000000d5580000, 0x00000000d6500000, 0x0000000100000000)
  eden space 6656K, 0% used [0x00000000d5580000,0x00000000d5580000,0x00000000d5c00000)
  from space 2048K, 99% used [0x00000000d6000000,0x00000000d61fbdb0,0x00000000d6200000)
  to   space 4096K, 0% used [0x00000000d5c00000,0x00000000d5c00000,0x00000000d6000000)
 ParOldGen       total 1146880K, used 1146568K [0x0000000080000000, 0x00000000c6000000, 0x00000000d5580000)
  object space 1146880K, 99% used [0x0000000080000000,0x00000000c5fb23a0,0x00000000c6000000)
 Metaspace       used 74392K, committed 76160K, reserved 1179648K
  class space    used 7729K, committed 8448K, reserved 1048576K
}

Dll operation events (11 events):
Event: 0.017 Loaded shared library c:\Users\mahes\.vscode\extensions\redhat.java-1.44.0-win32-x64\jre\21.0.8-win32-x86_64\bin\java.dll
Event: 0.185 Loaded shared library c:\Users\mahes\.vscode\extensions\redhat.java-1.44.0-win32-x64\jre\21.0.8-win32-x86_64\bin\zip.dll
Event: 0.216 Loaded shared library C:\Users\mahes\.vscode\extensions\redhat.java-1.44.0-win32-x64\jre\21.0.8-win32-x86_64\bin\instrument.dll
Event: 0.227 Loaded shared library C:\Users\mahes\.vscode\extensions\redhat.java-1.44.0-win32-x64\jre\21.0.8-win32-x86_64\bin\net.dll
Event: 0.235 Loaded shared library C:\Users\mahes\.vscode\extensions\redhat.java-1.44.0-win32-x64\jre\21.0.8-win32-x86_64\bin\nio.dll
Event: 0.242 Loaded shared library C:\Users\mahes\.vscode\extensions\redhat.java-1.44.0-win32-x64\jre\21.0.8-win32-x86_64\bin\zip.dll
Event: 0.270 Loaded shared library C:\Users\mahes\.vscode\extensions\redhat.java-1.44.0-win32-x64\jre\21.0.8-win32-x86_64\bin\jimage.dll
Event: 0.426 Loaded shared library c:\Users\mahes\.vscode\extensions\redhat.java-1.44.0-win32-x64\jre\21.0.8-win32-x86_64\bin\verify.dll
Event: 9.187 Loaded shared library C:\Users\mahes\AppData\Roaming\Code\User\globalStorage\redhat.java\1.44.0\config_win\org.eclipse.equinox.launcher\org.eclipse.equinox.launcher.win32.win32.x86_64_1.2.1400.v20250730-1736\eclipse_11913.dll
Event: 27.712 Loaded shared library C:\Users\mahes\AppData\Local\Temp\jna-103656706\jna7873390212812316740.dll
Event: 719.186 Loaded shared library C:\Users\mahes\.vscode\extensions\redhat.java-1.44.0-win32-x64\jre\21.0.8-win32-x86_64\bin\sunmscapi.dll

Deoptimization events (20 events):
Event: 726.648 Thread 0x00000113d4e04f10 DEOPT PACKING pc=0x000001138231239c sp=0x00000001a8afe710
Event: 726.648 Thread 0x00000113d4e04f10 DEOPT UNPACKING pc=0x0000011387584242 sp=0x00000001a8afdcc0 mode 0
Event: 730.056 Thread 0x00000113d4e07670 DEOPT PACKING pc=0x00000113808f5684 sp=0x00000001a87fe530
Event: 730.056 Thread 0x00000113d4e07670 DEOPT UNPACKING pc=0x0000011387584242 sp=0x00000001a87fd9e8 mode 0
Event: 730.141 Thread 0x00000113d4e07670 DEOPT PACKING pc=0x00000113821d4256 sp=0x00000001a87fdf60
Event: 730.141 Thread 0x00000113d4e07670 DEOPT UNPACKING pc=0x0000011387584242 sp=0x00000001a87fd3f8 mode 0
Event: 730.141 Thread 0x00000113d4e07670 DEOPT PACKING pc=0x00000113821d4256 sp=0x00000001a87fe0c0
Event: 730.141 Thread 0x00000113d4e07670 DEOPT UNPACKING pc=0x0000011387584242 sp=0x00000001a87fd558 mode 0
Event: 730.141 Thread 0x00000113d4e07670 DEOPT PACKING pc=0x00000113821d4256 sp=0x00000001a87fdc20
Event: 730.141 Thread 0x00000113d4e07670 DEOPT UNPACKING pc=0x0000011387584242 sp=0x00000001a87fd0b8 mode 0
Event: 730.143 Thread 0x00000113d4e07670 Uncommon trap: trap_request=0xffffffde fr.pc=0x0000011388245898 relative=0x0000000000000078
Event: 730.143 Thread 0x00000113d4e07670 Uncommon trap: reason=class_check action=maybe_recompile pc=0x0000011388245898 method=java.util.LinkedHashMap.afterNodeInsertion(Z)V @ 15 c2
Event: 730.143 Thread 0x00000113d4e07670 DEOPT PACKING pc=0x0000011388245898 sp=0x00000001a87fe9c0
Event: 730.143 Thread 0x00000113d4e07670 DEOPT UNPACKING pc=0x0000011387583aa2 sp=0x00000001a87fe938 mode 2
Event: 730.254 Thread 0x00000113d4e07670 DEOPT PACKING pc=0x0000011380c96d9e sp=0x00000001a87fdb80
Event: 730.254 Thread 0x00000113d4e07670 DEOPT UNPACKING pc=0x0000011387584242 sp=0x00000001a87fcfc0 mode 0
Event: 733.855 Thread 0x00000113d4e07670 Uncommon trap: trap_request=0xffffff45 fr.pc=0x000001138869eb9c relative=0x00000000000000fc
Event: 733.855 Thread 0x00000113d4e07670 Uncommon trap: reason=unstable_if action=reinterpret pc=0x000001138869eb9c method=org.eclipse.jdt.internal.core.PackageFragment.equals(Ljava/lang/Object;)Z @ 49 c2
Event: 733.855 Thread 0x00000113d4e07670 DEOPT PACKING pc=0x000001138869eb9c sp=0x00000001a87fe630
Event: 733.855 Thread 0x00000113d4e07670 DEOPT UNPACKING pc=0x0000011387583aa2 sp=0x00000001a87fe5c8 mode 2

Classes loaded (20 events):
Event: 720.495 Loading class com/sun/crypto/provider/ElectronicCodeBook
Event: 720.497 Loading class com/sun/crypto/provider/FeedbackCipher
Event: 720.497 Loading class com/sun/crypto/provider/FeedbackCipher done
Event: 720.497 Loading class com/sun/crypto/provider/ElectronicCodeBook done
Event: 720.497 Loading class com/sun/crypto/provider/PKCS5Padding
Event: 720.498 Loading class com/sun/crypto/provider/Padding
Event: 720.498 Loading class com/sun/crypto/provider/Padding done
Event: 720.498 Loading class com/sun/crypto/provider/PKCS5Padding done
Event: 720.499 Loading class com/sun/crypto/provider/CipherBlockChaining
Event: 720.499 Loading class com/sun/crypto/provider/CipherBlockChaining done
Event: 720.506 Loading class javax/crypto/NullCipher
Event: 720.507 Loading class javax/crypto/NullCipher done
Event: 720.507 Loading class sun/security/util/ArrayUtil
Event: 720.508 Loading class sun/security/util/ArrayUtil done
Event: 720.582 Loading class java/util/zip/CheckedInputStream
Event: 720.584 Loading class java/util/zip/CheckedInputStream done
Event: 720.670 Loading class java/util/zip/GZIPInputStream$1
Event: 720.670 Loading class java/util/zip/GZIPInputStream$1 done
Event: 721.301 Loading class jdk/internal/ref/CleanerImpl$InnocuousThreadFactory
Event: 721.303 Loading class jdk/internal/ref/CleanerImpl$InnocuousThreadFactory done

Classes unloaded (11 events):
Event: 28.776 Thread 0x00000113fc9d4930 Unloading class 0x00000113901ac800 'java/lang/invoke/LambdaForm$MH+0x00000113901ac800'
Event: 28.776 Thread 0x00000113fc9d4930 Unloading class 0x00000113901ac400 'java/lang/invoke/LambdaForm$MH+0x00000113901ac400'
Event: 28.776 Thread 0x00000113fc9d4930 Unloading class 0x00000113901ac000 'java/lang/invoke/LambdaForm$MH+0x00000113901ac000'
Event: 28.776 Thread 0x00000113fc9d4930 Unloading class 0x00000113901abc00 'java/lang/invoke/LambdaForm$MH+0x00000113901abc00'
Event: 28.776 Thread 0x00000113fc9d4930 Unloading class 0x00000113901ab800 'java/lang/invoke/LambdaForm$BMH+0x00000113901ab800'
Event: 28.776 Thread 0x00000113fc9d4930 Unloading class 0x00000113901ab400 'java/lang/invoke/LambdaForm$DMH+0x00000113901ab400'
Event: 28.776 Thread 0x00000113fc9d4930 Unloading class 0x00000113901aa000 'java/lang/invoke/LambdaForm$DMH+0x00000113901aa000'
Event: 78.247 Thread 0x00000113fc9d4930 Unloading class 0x000001139045dc00 'jdk/internal/reflect/GeneratedSerializationConstructorAccessor31'
Event: 78.249 Thread 0x00000113fc9d4930 Unloading class 0x000001139045d400 'jdk/internal/reflect/GeneratedSerializationConstructorAccessor28'
Event: 78.249 Thread 0x00000113fc9d4930 Unloading class 0x000001139045cc00 'jdk/internal/reflect/GeneratedSerializationConstructorAccessor27'
Event: 78.249 Thread 0x00000113fc9d4930 Unloading class 0x000001139045c400 'jdk/internal/reflect/GeneratedSerializationConstructorAccessor25'

Classes redefined (0 events):
No events

Internal exceptions (20 events):
Event: 460.962 Thread 0x00000113d6706710 Implicit null exception at 0x00000113882f8e63 to 0x00000113882f9b6c
Event: 463.066 Thread 0x00000113d6706710 Exception <a 'java/lang/IncompatibleClassChangeError'{0x00000000d57734b0}: Found class java.lang.Object, but interface was expected> (0x00000000d57734b0) 
thrown [s\src\hotspot\share\interpreter\linkResolver.cpp, line 840]
Event: 718.184 Thread 0x00000113d5570ab0 Exception <a 'java/lang/IncompatibleClassChangeError'{0x00000000d5737998}: Found class java.lang.Object, but interface was expected> (0x00000000d5737998) 
thrown [s\src\hotspot\share\interpreter\linkResolver.cpp, line 840]
Event: 718.644 Thread 0x00000113d6709500 Exception <a 'java/lang/NoSuchMethodError'{0x00000000d55c78a8}: 'java.lang.Object java.lang.invoke.DirectMethodHandle$Holder.invokeSpecial(java.lang.Object, java.lang.Object, int, long)'> (0x00000000d55c78a8) 
thrown [s\src\hotspot\share\interpreter\linkResolver.cpp, line 773]
Event: 718.886 Thread 0x00000113d5570ab0 Exception <a 'java/lang/IncompatibleClassChangeError'{0x00000000d55f3528}: Found class java.lang.Object, but interface was expected> (0x00000000d55f3528) 
thrown [s\src\hotspot\share\interpreter\linkResolver.cpp, line 840]
Event: 718.905 Thread 0x00000113d5570ab0 Exception <a 'java/lang/IncompatibleClassChangeError'{0x00000000d5629798}: Found class java.lang.Object, but interface was expected> (0x00000000d5629798) 
thrown [s\src\hotspot\share\interpreter\linkResolver.cpp, line 840]
Event: 718.911 Thread 0x00000113d5570ab0 Exception <a 'java/lang/IncompatibleClassChangeError'{0x00000000d5655d88}: Found class java.lang.Object, but interface was expected> (0x00000000d5655d88) 
thrown [s\src\hotspot\share\interpreter\linkResolver.cpp, line 840]
Event: 718.922 Thread 0x00000113d5570ab0 Exception <a 'java/lang/IncompatibleClassChangeError'{0x00000000d56953b0}: Found class java.lang.Object, but interface was expected> (0x00000000d56953b0) 
thrown [s\src\hotspot\share\interpreter\linkResolver.cpp, line 840]
Event: 718.924 Thread 0x00000113d4e07d00 Exception <a 'java/lang/NoSuchMethodError'{0x00000000d56d90b0}: 'java.lang.Object java.lang.invoke.DirectMethodHandle$Holder.invokeSpecial(java.lang.Object, java.lang.Object, java.lang.Object, java.lang.Object, int, java.lang.Object, java.lang.Object)'> (0x00000000d56d90b0) 
thrown [s\src\hotspot\share\interpreter\linkResolver.cpp, line 773]
Event: 718.924 Thread 0x00000113d42dd520 Exception <a 'java/lang/NoSuchMethodError'{0x00000000d56ab990}: 'java.lang.Object java.lang.invoke.DirectMethodHandle$Holder.invokeSpecial(java.lang.Object, java.lang.Object, java.lang.Object, java.lang.Object, int, java.lang.Object, java.lang.Object)'> (0x00000000d56ab990) 
thrown [s\src\hotspot\share\interpreter\linkResolver.cpp, line 773]
Event: 718.930 Thread 0x00000113d5570ab0 Exception <a 'java/lang/IncompatibleClassChangeError'{0x00000000d572b8b8}: Found class java.lang.Object, but interface was expected> (0x00000000d572b8b8) 
thrown [s\src\hotspot\share\interpreter\linkResolver.cpp, line 840]
Event: 719.179 Thread 0x00000113d42ddbb0 Exception <a 'java/lang/NoSuchMethodError'{0x00000000d55f0f58}: 'int java.lang.invoke.Invokers$Holder.invokeExact_MT(java.lang.Object, java.lang.Object)'> (0x00000000d55f0f58) 
thrown [s\src\hotspot\share\interpreter\linkResolver.cpp, line 773]
Event: 720.064 Thread 0x00000113d4e08a20 Exception <a 'sun/nio/fs/WindowsException'{0x00000000d56b5bf8}> (0x00000000d56b5bf8) 
thrown [s\src\hotspot\share\prims\jni.cpp, line 520]
Event: 721.025 Thread 0x00000113d4e07670 Implicit null exception at 0x0000011387e408da to 0x0000011387e40933
Event: 721.169 Thread 0x00000113d4e08390 Exception <a 'java/lang/ArrayIndexOutOfBoundsException'{0x00000000d598a548}> (0x00000000d598a548) 
thrown [s\src\hotspot\share\runtime\sharedRuntime.cpp, line 625]
Event: 721.734 Thread 0x00000113d5570ab0 Exception <a 'java/lang/IncompatibleClassChangeError'{0x00000000d5b4fbc8}: Found class java.lang.Object, but interface was expected> (0x00000000d5b4fbc8) 
thrown [s\src\hotspot\share\interpreter\linkResolver.cpp, line 840]
Event: 721.749 Thread 0x00000113d4e07670 Exception <a 'java/lang/NoSuchMethodError'{0x00000000d5bebea8}: 'java.lang.Object java.lang.invoke.DirectMethodHandle$Holder.invokeStatic(java.lang.Object, int, int, java.lang.Object)'> (0x00000000d5bebea8) 
thrown [s\src\hotspot\share\interpreter\linkResolver.cpp, line 773]
Event: 721.800 Thread 0x00000113d4e07670 Exception <a 'java/lang/NoSuchMethodError'{0x00000000d564b378}: 'java.lang.Object java.lang.invoke.DirectMethodHandle$Holder.invokeStatic(java.lang.Object, int, java.lang.Object)'> (0x00000000d564b378) 
thrown [s\src\hotspot\share\interpreter\linkResolver.cpp, line 773]
Event: 721.879 Thread 0x00000113d42dd520 Exception <a 'java/lang/NoSuchMethodError'{0x00000000d57b91b8}: 'java.lang.Object java.lang.invoke.DirectMethodHandle$Holder.newInvokeSpecial(java.lang.Object, java.lang.Object, int, java.lang.Object, java.lang.Object, java.lang.Object, java.lang.Object)'> (0x00000000d57b91b8) 
thrown [s\src\hotspot\share\interpreter\linkResolver.cpp, line 773]
Event: 971.502 Thread 0x00000113d5570ab0 Exception <a 'java/lang/IncompatibleClassChangeError'{0x00000000d5821da8}: Found class java.lang.Object, but interface was expected> (0x00000000d5821da8) 
thrown [s\src\hotspot\share\interpreter\linkResolver.cpp, line 840]

ZGC Phase Switch (0 events):
No events

VM Operations (20 events):
Event: 731.085 Executing VM operation: Cleanup
Event: 731.086 Executing VM operation: Cleanup done
Event: 733.862 Executing VM operation: ParallelGCFailedAllocation (Allocation Failure)
Event: 733.867 Executing VM operation: ParallelGCFailedAllocation (Allocation Failure) done
Event: 733.897 Executing VM operation: ParallelGCFailedAllocation (Allocation Failure)
Event: 733.905 Executing VM operation: ParallelGCFailedAllocation (Allocation Failure) done
Event: 781.980 Executing VM operation: HandshakeAllThreads (HandshakeForDeflation)
Event: 781.992 Executing VM operation: HandshakeAllThreads (HandshakeForDeflation) done
Event: 781.992 Executing VM operation: RendezvousGCThreads
Event: 781.993 Executing VM operation: RendezvousGCThreads done
Event: 842.087 Executing VM operation: HandshakeAllThreads (HandshakeForDeflation)
Event: 842.114 Executing VM operation: HandshakeAllThreads (HandshakeForDeflation) done
Event: 842.116 Executing VM operation: RendezvousGCThreads
Event: 842.117 Executing VM operation: RendezvousGCThreads done
Event: 962.339 Executing VM operation: HandshakeAllThreads (HandshakeForDeflation)
Event: 962.347 Executing VM operation: HandshakeAllThreads (HandshakeForDeflation) done
Event: 962.348 Executing VM operation: RendezvousGCThreads
Event: 962.348 Executing VM operation: RendezvousGCThreads done
Event: 967.392 Executing VM operation: Cleanup
Event: 967.393 Executing VM operation: Cleanup done

Memory protections (0 events):
No events

Nmethod flushes (20 events):
Event: 79.098 Thread 0x00000113fc9d4930 flushing  nmethod 0x000001138091b990
Event: 79.098 Thread 0x00000113fc9d4930 flushing  nmethod 0x000001138091be90
Event: 79.099 Thread 0x00000113fc9d4930 flushing  nmethod 0x0000011380932510
Event: 79.099 Thread 0x00000113fc9d4930 flushing  nmethod 0x000001138095f890
Event: 79.099 Thread 0x00000113fc9d4930 flushing  nmethod 0x0000011380960410
Event: 79.099 Thread 0x00000113fc9d4930 flushing  nmethod 0x0000011380962410
Event: 79.099 Thread 0x00000113fc9d4930 flushing  nmethod 0x0000011380962b90
Event: 79.099 Thread 0x00000113fc9d4930 flushing  nmethod 0x0000011380966510
Event: 79.099 Thread 0x00000113fc9d4930 flushing  nmethod 0x0000011380966e90
Event: 79.099 Thread 0x00000113fc9d4930 flushing  nmethod 0x0000011380967390
Event: 79.099 Thread 0x00000113fc9d4930 flushing  nmethod 0x000001138096fc90
Event: 79.099 Thread 0x00000113fc9d4930 flushing  nmethod 0x0000011380970090
Event: 79.099 Thread 0x00000113fc9d4930 flushing  nmethod 0x0000011380970410
Event: 79.099 Thread 0x00000113fc9d4930 flushing  nmethod 0x0000011380970990
Event: 79.099 Thread 0x00000113fc9d4930 flushing  nmethod 0x0000011380970d90
Event: 79.099 Thread 0x00000113fc9d4930 flushing  nmethod 0x0000011380971890
Event: 79.099 Thread 0x00000113fc9d4930 flushing  nmethod 0x0000011380972390
Event: 79.099 Thread 0x00000113fc9d4930 flushing  nmethod 0x0000011380975210
Event: 79.099 Thread 0x00000113fc9d4930 flushing  nmethod 0x0000011380991d90
Event: 79.099 Thread 0x00000113fc9d4930 flushing osr nmethod 0x00000113809acb90

Events (20 events):
Event: 718.904 Thread 0x00000113d6709b90 Thread added: 0x00000113d42ddbb0
Event: 718.916 Thread 0x00000113d5570ab0 Thread added: 0x00000113d4e06950
Event: 718.918 Thread 0x00000113d5570ab0 Thread added: 0x00000113d4e07670
Event: 718.919 Thread 0x00000113d4e07670 Thread added: 0x00000113d4e07d00
Event: 718.919 Thread 0x00000113d4e07d00 Thread added: 0x00000113d4e08390
Event: 718.927 Thread 0x00000113d5570ab0 Thread added: 0x00000113d4e04f10
Event: 718.957 Thread 0x00000113d5570ab0 Thread added: 0x00000113d4e06fe0
Event: 718.958 Thread 0x00000113d4e06fe0 Thread added: 0x00000113d4e05c30
Event: 719.006 Thread 0x00000113d4e08390 Thread added: 0x00000113d4e08a20
Event: 721.139 Thread 0x00000113d4e08a20 Thread exited: 0x00000113d4e08a20
Event: 721.308 Thread 0x00000113d42dd520 Thread added: 0x00000113d4e08a20
Event: 730.065 Thread 0x00000113fe92b050 Thread added: 0x00000113d69bb650
Event: 738.943 Thread 0x00000113d69bb650 Thread exited: 0x00000113d69bb650
Event: 745.721 Thread 0x00000113d670af40 Thread exited: 0x00000113d670af40
Event: 805.772 Thread 0x00000113d56547f0 Thread exited: 0x00000113d56547f0
Event: 845.956 Thread 0x00000113d4e07670 Thread exited: 0x00000113d4e07670
Event: 865.790 Thread 0x00000113d564f2a0 Thread exited: 0x00000113d564f2a0
Event: 905.964 Thread 0x00000113d6709b90 Thread exited: 0x00000113d6709b90
Event: 925.785 Thread 0x00000113d5650650 Thread exited: 0x00000113d5650650
Event: 966.625 Thread 0x00000113d42ddbb0 Thread exited: 0x00000113d42ddbb0


Dynamic libraries:
0x00007ff6d1a00000 - 0x00007ff6d1a0e000 	c:\Users\mahes\.vscode\extensions\redhat.java-1.44.0-win32-x64\jre\21.0.8-win32-x86_64\bin\java.exe
0x00007ff8602e0000 - 0x00007ff860548000 	C:\WINDOWS\SYSTEM32\ntdll.dll
0x00007ff85ef10000 - 0x00007ff85efd9000 	C:\WINDOWS\System32\KERNEL32.DLL
0x00007ff85db40000 - 0x00007ff85df2d000 	C:\WINDOWS\System32\KERNELBASE.dll
0x00007ff85df30000 - 0x00007ff85e07b000 	C:\WINDOWS\System32\ucrtbase.dll
0x00007fffcee10000 - 0x00007fffcee28000 	c:\Users\mahes\.vscode\extensions\redhat.java-1.44.0-win32-x64\jre\21.0.8-win32-x86_64\bin\jli.dll
0x00007ff8600d0000 - 0x00007ff86029c000 	C:\WINDOWS\System32\USER32.dll
0x00007fffc9ea0000 - 0x00007fffc9ebe000 	c:\Users\mahes\.vscode\extensions\redhat.java-1.44.0-win32-x64\jre\21.0.8-win32-x86_64\bin\VCRUNTIME140.dll
0x00007ff85d720000 - 0x00007ff85d747000 	C:\WINDOWS\System32\win32u.dll
0x00007ff841dd0000 - 0x00007ff84206a000 	C:\WINDOWS\WinSxS\amd64_microsoft.windows.common-controls_6595b64144ccf1df_6.0.26100.4484_none_3e0e6d4ce32ef3b3\COMCTL32.dll
0x00007ff85e2a0000 - 0x00007ff85e2cb000 	C:\WINDOWS\System32\GDI32.dll
0x00007ff85e3f0000 - 0x00007ff85e499000 	C:\WINDOWS\System32\msvcrt.dll
0x00007ff85d970000 - 0x00007ff85daa7000 	C:\WINDOWS\System32\gdi32full.dll
0x00007ff85d5b0000 - 0x00007ff85d653000 	C:\WINDOWS\System32\msvcp_win.dll
0x00007ff85e5a0000 - 0x00007ff85e5cf000 	C:\WINDOWS\System32\IMM32.DLL
0x00007fffd0750000 - 0x00007fffd075c000 	c:\Users\mahes\.vscode\extensions\redhat.java-1.44.0-win32-x64\jre\21.0.8-win32-x86_64\bin\vcruntime140_1.dll
0x00007fffc9e10000 - 0x00007fffc9e9d000 	c:\Users\mahes\.vscode\extensions\redhat.java-1.44.0-win32-x64\jre\21.0.8-win32-x86_64\bin\msvcp140.dll
0x00007fffc7db0000 - 0x00007fffc8b47000 	c:\Users\mahes\.vscode\extensions\redhat.java-1.44.0-win32-x64\jre\21.0.8-win32-x86_64\bin\server\jvm.dll
0x00007ff85e6b0000 - 0x00007ff85e764000 	C:\WINDOWS\System32\ADVAPI32.dll
0x00007ff85eff0000 - 0x00007ff85f096000 	C:\WINDOWS\System32\sechost.dll
0x00007ff85e2d0000 - 0x00007ff85e3e8000 	C:\WINDOWS\System32\RPCRT4.dll
0x00007ff85e5e0000 - 0x00007ff85e654000 	C:\WINDOWS\System32\WS2_32.dll
0x00007ff85d0e0000 - 0x00007ff85d13e000 	C:\WINDOWS\SYSTEM32\POWRPROF.dll
0x00007ff8562d0000 - 0x00007ff8562db000 	C:\WINDOWS\SYSTEM32\VERSION.dll
0x00007ff856290000 - 0x00007ff8562c5000 	C:\WINDOWS\SYSTEM32\WINMM.dll
0x00007ff85d0c0000 - 0x00007ff85d0d4000 	C:\WINDOWS\SYSTEM32\UMPDC.dll
0x00007ff85c1d0000 - 0x00007ff85c1eb000 	C:\WINDOWS\SYSTEM32\kernel.appcore.dll
0x00007fffc9e00000 - 0x00007fffc9e0a000 	c:\Users\mahes\.vscode\extensions\redhat.java-1.44.0-win32-x64\jre\21.0.8-win32-x86_64\bin\jimage.dll
0x00007ff850d10000 - 0x00007ff850f51000 	C:\WINDOWS\SYSTEM32\DBGHELP.DLL
0x00007ff85eb80000 - 0x00007ff85ef06000 	C:\WINDOWS\System32\combase.dll
0x00007ff85e4b0000 - 0x00007ff85e590000 	C:\WINDOWS\System32\OLEAUT32.dll
0x00007ff83efb0000 - 0x00007ff83eff3000 	C:\WINDOWS\SYSTEM32\dbgcore.DLL
0x00007ff85d8d0000 - 0x00007ff85d969000 	C:\WINDOWS\System32\bcryptPrimitives.dll
0x00007fffc9df0000 - 0x00007fffc9dff000 	c:\Users\mahes\.vscode\extensions\redhat.java-1.44.0-win32-x64\jre\21.0.8-win32-x86_64\bin\instrument.dll
0x00007fffc9dd0000 - 0x00007fffc9def000 	c:\Users\mahes\.vscode\extensions\redhat.java-1.44.0-win32-x64\jre\21.0.8-win32-x86_64\bin\java.dll
0x00007ff85f5e0000 - 0x00007ff85fd2a000 	C:\WINDOWS\System32\SHELL32.dll
0x00007ff85d430000 - 0x00007ff85d5a4000 	C:\WINDOWS\System32\wintypes.dll
0x00007ff85b050000 - 0x00007ff85b8ab000 	C:\WINDOWS\SYSTEM32\windows.storage.dll
0x00007ff85ff70000 - 0x00007ff860065000 	C:\WINDOWS\System32\SHCORE.dll
0x00007ff85f0e0000 - 0x00007ff85f14a000 	C:\WINDOWS\System32\shlwapi.dll
0x00007ff85d340000 - 0x00007ff85d36f000 	C:\WINDOWS\SYSTEM32\profapi.dll
0x00007fffc9d30000 - 0x00007fffc9d48000 	c:\Users\mahes\.vscode\extensions\redhat.java-1.44.0-win32-x64\jre\21.0.8-win32-x86_64\bin\zip.dll
0x00007fffc7cb0000 - 0x00007fffc7cc0000 	C:\Users\mahes\.vscode\extensions\redhat.java-1.44.0-win32-x64\jre\21.0.8-win32-x86_64\bin\net.dll
0x00007ff856040000 - 0x00007ff85615e000 	C:\WINDOWS\SYSTEM32\WINHTTP.dll
0x00007ff85c760000 - 0x00007ff85c7ca000 	C:\WINDOWS\system32\mswsock.dll
0x00007fffc7c90000 - 0x00007fffc7ca6000 	C:\Users\mahes\.vscode\extensions\redhat.java-1.44.0-win32-x64\jre\21.0.8-win32-x86_64\bin\nio.dll
0x00007fffc7c80000 - 0x00007fffc7c90000 	c:\Users\mahes\.vscode\extensions\redhat.java-1.44.0-win32-x64\jre\21.0.8-win32-x86_64\bin\verify.dll
0x00007fffbe6e0000 - 0x00007fffbe725000 	C:\Users\mahes\AppData\Roaming\Code\User\globalStorage\redhat.java\1.44.0\config_win\org.eclipse.equinox.launcher\org.eclipse.equinox.launcher.win32.win32.x86_64_1.2.1400.v20250730-1736\eclipse_11913.dll
0x00007ff85e770000 - 0x00007ff85e90e000 	C:\WINDOWS\System32\ole32.dll
0x00007ff85ca20000 - 0x00007ff85ca3b000 	C:\WINDOWS\SYSTEM32\CRYPTSP.dll
0x00007ff85c130000 - 0x00007ff85c16b000 	C:\WINDOWS\system32\rsaenh.dll
0x00007ff85c800000 - 0x00007ff85c82b000 	C:\WINDOWS\SYSTEM32\USERENV.dll
0x00007ff85d310000 - 0x00007ff85d336000 	C:\WINDOWS\SYSTEM32\bcrypt.dll
0x00007ff85ca10000 - 0x00007ff85ca1c000 	C:\WINDOWS\SYSTEM32\CRYPTBASE.dll
0x00007ff85bbc0000 - 0x00007ff85bbf3000 	C:\WINDOWS\SYSTEM32\IPHLPAPI.DLL
0x00007ff85e290000 - 0x00007ff85e29a000 	C:\WINDOWS\System32\NSI.dll
0x00007ff808760000 - 0x00007ff8087a9000 	C:\Users\mahes\AppData\Local\Temp\jna-103656706\jna7873390212812316740.dll
0x00007ff85efe0000 - 0x00007ff85efe8000 	C:\WINDOWS\System32\PSAPI.DLL
0x00007ff8569a0000 - 0x00007ff8569bf000 	C:\WINDOWS\SYSTEM32\dhcpcsvc6.DLL
0x00007ff8568c0000 - 0x00007ff8568e5000 	C:\WINDOWS\SYSTEM32\dhcpcsvc.DLL
0x00007ff8581d0000 - 0x00007ff8581de000 	C:\Users\mahes\.vscode\extensions\redhat.java-1.44.0-win32-x64\jre\21.0.8-win32-x86_64\bin\sunmscapi.dll
0x00007ff85d750000 - 0x00007ff85d8c7000 	C:\WINDOWS\System32\CRYPT32.dll
0x00007ff85cca0000 - 0x00007ff85ccd0000 	C:\WINDOWS\SYSTEM32\ncrypt.dll
0x00007ff85cc50000 - 0x00007ff85cc8f000 	C:\WINDOWS\SYSTEM32\NTASN1.dll

JVMTI agents:
c:\Users\mahes\.vscode\extensions\redhat.java-1.44.0-win32-x64\lombok\lombok-1.18.39-4050.jar path:c:\Users\mahes\.vscode\extensions\redhat.java-1.44.0-win32-x64\jre\21.0.8-win32-x86_64\bin\instrument.dll, loaded, initialized, instrumentlib options:none

dbghelp: loaded successfully - version: 4.0.5 - missing functions: none
symbol engine: initialized successfully - sym options: 0x614 - pdb path: .;c:\Users\mahes\.vscode\extensions\redhat.java-1.44.0-win32-x64\jre\21.0.8-win32-x86_64\bin;C:\WINDOWS\SYSTEM32;C:\WINDOWS\WinSxS\amd64_microsoft.windows.common-controls_6595b64144ccf1df_6.0.26100.4484_none_3e0e6d4ce32ef3b3;c:\Users\mahes\.vscode\extensions\redhat.java-1.44.0-win32-x64\jre\21.0.8-win32-x86_64\bin\server;C:\Users\mahes\AppData\Roaming\Code\User\globalStorage\redhat.java\1.44.0\config_win\org.eclipse.equinox.launcher\org.eclipse.equinox.launcher.win32.win32.x86_64_1.2.1400.v20250730-1736;C:\Users\mahes\AppData\Local\Temp\jna-103656706

VM Arguments:
jvm_args: --add-modules=ALL-SYSTEM --add-opens=java.base/java.util=ALL-UNNAMED --add-opens=java.base/java.lang=ALL-UNNAMED --add-opens=java.base/sun.nio.fs=ALL-UNNAMED -Declipse.application=org.eclipse.jdt.ls.core.id1 -Dosgi.bundles.defaultStartLevel=4 -Declipse.product=org.eclipse.jdt.ls.core.product -Djava.import.generatesMetadataFilesAtProjectRoot=false -DDetectVMInstallationsJob.disabled=true -Dfile.encoding=utf8 -XX:+UseParallelGC -XX:GCTimeRatio=4 -XX:AdaptiveSizePolicyWeight=90 -Dsun.zip.disableMemoryMapping=true -Xmx2G -Xms100m -Xlog:disable -javaagent:c:\Users\mahes\.vscode\extensions\redhat.java-1.44.0-win32-x64\lombok\lombok-1.18.39-4050.jar -XX:+HeapDumpOnOutOfMemoryError -XX:HeapDumpPath=c:\Users\mahes\AppData\Roaming\Code\User\workspaceStorage\3a22eb4a44eb732b41cad04d490277c3\redhat.java -Daether.dependencyCollector.impl=bf 
java_command: c:\Users\mahes\.vscode\extensions\redhat.java-1.44.0-win32-x64\server\plugins\org.eclipse.equinox.launcher_1.7.0.v20250519-0528.jar -configuration c:\Users\mahes\AppData\Roaming\Code\User\globalStorage\redhat.java\1.44.0\config_win -data c:\Users\mahes\AppData\Roaming\Code\User\workspaceStorage\3a22eb4a44eb732b41cad04d490277c3\redhat.java\jdt_ws --pipe=\\.\pipe\lsp-c95b9254b9757539edad5aa30cc6517a-sock
java_class_path (initial): c:\Users\mahes\.vscode\extensions\redhat.java-1.44.0-win32-x64\server\plugins\org.eclipse.equinox.launcher_1.7.0.v20250519-0528.jar
Launcher Type: SUN_STANDARD

[Global flags]
    uintx AdaptiveSizePolicyWeight                 = 90                                        {product} {command line}
     intx CICompilerCount                          = 4                                         {product} {ergonomic}
    uintx GCTimeRatio                              = 4                                         {product} {command line}
     bool HeapDumpOnOutOfMemoryError               = true                                   {manageable} {command line}
    ccstr HeapDumpPath                             = c:\Users\mahes\AppData\Roaming\Code\User\workspaceStorage\3a22eb4a44eb732b41cad04d490277c3\redhat.java         {manageable} {command line}
   size_t InitialHeapSize                          = 104857600                                 {product} {command line}
   size_t MaxHeapSize                              = 2147483648                                {product} {command line}
   size_t MaxNewSize                               = 715653120                                 {product} {ergonomic}
   size_t MinHeapDeltaBytes                        = 524288                                    {product} {ergonomic}
   size_t MinHeapSize                              = 104857600                                 {product} {command line}
   size_t NewSize                                  = 34603008                                  {product} {ergonomic}
    uintx NonNMethodCodeHeapSize                   = 5839372                                {pd product} {ergonomic}
    uintx NonProfiledCodeHeapSize                  = 122909434                              {pd product} {ergonomic}
   size_t OldSize                                  = 70254592                                  {product} {ergonomic}
    uintx ProfiledCodeHeapSize                     = 122909434                              {pd product} {ergonomic}
    uintx ReservedCodeCacheSize                    = 251658240                              {pd product} {ergonomic}
     bool SegmentedCodeCache                       = true                                      {product} {ergonomic}
   size_t SoftMaxHeapSize                          = 2147483648                             {manageable} {ergonomic}
     bool UseCompressedOops                        = true                           {product lp64_product} {ergonomic}
     bool UseLargePagesIndividualAllocation        = false                                  {pd product} {ergonomic}
     bool UseParallelGC                            = true                                      {product} {command line}

Logging:
Log output configuration:
 #0: stdout all=off uptime,level,tags foldmultilines=false
 #1: stderr all=off uptime,level,tags foldmultilines=false

Environment Variables:
PATH=C:\Program Files\Common Files\Oracle\Java\javapath;C:\WINDOWS\system32;C:\WINDOWS;C:\WINDOWS\System32\Wbem;C:\WINDOWS\System32\WindowsPowerShell\v1.0\;C:\WINDOWS\System32\OpenSSH\;C:\Program Files\HP\HP One Agent;C:\Program Files\MySQL\MySQL Server 8.0\bin;C:\Program Files\nodejs\;C:\Program Files\Git\cmd;;C:\Program Files\Docker\Docker\resources\bin;C:\Program Files\MySQL\MySQL Shell 8.0\bin\;C:\Users\mahes\AppData\Local\Microsoft\WindowsApps;C:\Users\mahes\AppData\Local\Programs\Microsoft VS Code\bin;C:\Users\mahes\AppData\Roaming\npm;C:\Users\mahes\AppData\Local\Programs\cursor\resources\app\bin
USERNAME=mahes
OS=Windows_NT
PROCESSOR_IDENTIFIER=AMD64 Family 25 Model 80 Stepping 0, AuthenticAMD
TMP=C:\Users\mahes\AppData\Local\Temp
TEMP=C:\Users\mahes\AppData\Local\Temp




Periodic native trim disabled

---------------  S Y S T E M  ---------------

OS:
 Windows 11 , 64 bit Build 26100 (10.0.26100.4484)
OS uptime: 0 days 0:17 hours
Hyper-V role detected

CPU: total 12 (initial active 12) (12 cores per cpu, 2 threads per core) family 25 model 80 stepping 0 microcode 0xa50000d, cx8, cmov, fxsr, ht, mmx, 3dnowpref, sse, sse2, sse3, ssse3, sse4a, sse4.1, sse4.2, popcnt, lzcnt, tsc, tscinvbit, avx, avx2, aes, erms, clmul, bmi1, bmi2, adx, sha, fma, vzeroupper, clflush, clflushopt, hv, rdtscp, rdpid, fsrm, f16c, cet_ss
Processor Information for processor 0
  Max Mhz: 2301, Current Mhz: 1798, Mhz Limit: 2301
Processor Information for processor 1
  Max Mhz: 2301, Current Mhz: 1798, Mhz Limit: 2301
Processor Information for processor 2
  Max Mhz: 2301, Current Mhz: 2301, Mhz Limit: 2301
Processor Information for processor 3
  Max Mhz: 2301, Current Mhz: 2301, Mhz Limit: 2301
Processor Information for processor 4
  Max Mhz: 2301, Current Mhz: 1798, Mhz Limit: 2301
Processor Information for processor 5
  Max Mhz: 2301, Current Mhz: 1798, Mhz Limit: 2301
Processor Information for processor 6
  Max Mhz: 2301, Current Mhz: 2301, Mhz Limit: 2301
Processor Information for processor 7
  Max Mhz: 2301, Current Mhz: 2301, Mhz Limit: 2301
Processor Information for processor 8
  Max Mhz: 2301, Current Mhz: 2301, Mhz Limit: 2301
Processor Information for processor 9
  Max Mhz: 2301, Current Mhz: 2301, Mhz Limit: 2301
Processor Information for processor 10
  Max Mhz: 2301, Current Mhz: 2301, Mhz Limit: 2301
Processor Information for processor 11
  Max Mhz: 2301, Current Mhz: 2301, Mhz Limit: 2301

Memory: 4k page, system-wide physical 3424M (141M free)
TotalPageFile size 14176M (AvailPageFile size 25M)
current process WorkingSet (physical memory assigned to process): 19M, peak: 361M
current process commit charge ("private bytes"): 1446M, peak: 1464M

vm_info: OpenJDK 64-Bit Server VM (21.0.8+9-LTS) for windows-amd64 JRE (21.0.8+9-LTS), built on 2025-07-15T00:00:00Z by "admin" with MS VC++ 17.7 (VS2022)

END.
